<?xml version="1.0" encoding="UTF-8"?>
<!-- Generated by org.testng.reporters.JUnitXMLReporter -->
<testsuite ignored="0" hostname="IDEAPAD" failures="0" tests="2" name="FFTest" time="0.131" errors="0" timestamp="2023-02-04T00:49:29 IST">
  <testcase classname="com.TestProject.testScript.Basics13" name="BC" time="0.0">
    <skipped/>
  </testcase> <!-- BC -->
  <testcase classname="com.TestProject.testScript.Basics13" name="AB" time="0.0">
    <skipped/>
  </testcase> <!-- AB -->
</testsuite> <!-- FFTest -->
