<?xml version="1.0" encoding="UTF-8"?>
<!-- Generated by org.testng.reporters.JUnitXMLReporter -->
<testsuite ignored="0" hostname="IDEAPAD" failures="0" tests="4" name="Test" time="54.862" errors="0" timestamp="2023-02-03T23:55:28 IST">
  <testcase classname="com.TestProject.testScript.Basics11" name="BC" time="16.036"/>
  <testcase classname="com.TestProject.testScript.Basics11" name="AB" time="5.642"/>
  <testcase classname="com.TestProject.testScript.Basics12" name="BC" time="25.828"/>
  <testcase classname="com.TestProject.testScript.Basics12" name="AB" time="7.297"/>
</testsuite> <!-- Test -->
